$ npm start --verbose
npm info it worked if it ends with ok
npm verb cli [
npm verb cli   'C:\\Program Files\\nodejs\\node.exe',
npm verb cli   'C:\\Program Files\\nodejs\\node_modules\\npm\\bin\\npm-cli.js',
npm verb cli   'start',
npm verb cli   '--verbose'
npm verb cli ]
npm info using npm@6.12.1
npm info using node@v12.13.1
npm verb run-script [ 'prestart', 'start', 'poststart' ]
npm info lifecycle laptop-customizer@0.1.0~prestart: laptop-customizer@0.1.0
npm info lifecycle laptop-customizer@0.1.0~start: laptop-customizer@0.1.0

> laptop-customizer@0.1.0 start C:\Users\Lauren\OneDrive\Documents\Thinkfulprojects\laptop_customizer
> react-scripts start


There might be a problem with the project dependency tree.
It is likely not a bug in Create React App, but something you need to fix locally.

The react-scripts package provided by Create React App requires a dependency:

  "babel-eslint": "10.0.1"

Don't try to install it manually: your package manager does it automatically.
However, a different version of babel-eslint was detected higher up in the tree:

  C:\Users\Lauren\OneDrive\Documents\Thinkfulprojects\node_modules\babel-eslint (version: 9.0.0)

Manually installing incompatible versions is known to cause hard-to-debug issues.

If you would prefer to ignore this check, add SKIP_PREFLIGHT_CHECK=true to an .env file in your project.
That will permanently disable this message but you might encounter other issues.

To fix the dependency tree, try following the steps below in the exact order:

  1. Delete package-lock.json (not package.json!) and/or yarn.lock in your project folder.
  2. Delete node_modules in your project folder.
  3. Remove "babel-eslint" from dependencies and/or devDependencies in the package.json file in your project folder.
  4. Run npm install or yarn, depending on the package manager you use.

In most cases, this should be enough to fix the problem.
If this has not helped, there are a few other things you can try:

  5. If you used npm, install yarn (http://yarnpkg.com/) and repeat the above steps with it instead.
     This may help because npm has known issues with package hoisting which may get resolved in future versions.

  6. Check if C:\Users\Lauren\OneDrive\Documents\Thinkfulprojects\node_modules\babel-eslint is outside your project directory.
     For example, you might have accidentally installed something in your home folder.

  7. Try running npm ls babel-eslint in your project folder.
     This will tell you which other package (apart from the expected react-scripts) installed babel-eslint.

If nothing else helps, add SKIP_PREFLIGHT_CHECK=true to an .env file in your project.
That would permanently disable this preflight check in case you want to proceed anyway.

P.S. We know this message is long but please read the steps above :-) We hope you find them helpful!

npm verb lifecycle laptop-customizer@0.1.0~start: unsafe-perm in lifecycle true
npm verb lifecycle laptop-customizer@0.1.0~start: PATH: C:\Program Files\nodejs\node_modules\npm\node_modules\npm-lifecycle\node-gyp-bin;C:\Users\Lauren\OneDrive\Documents\Thinkfulprojects\laptop_customizer\node_modules\.bin;C:\Users\Lauren\bin;C:\Program Files\Git\mingw64\bin;C:\Program Files\Git\usr\local\bin;C:\Program Files\Git\usr\bin;C:\Program Files\Git\usr\bin;C:\Program Files\Git\mingw64\bin;C:\Program Files\Git\usr\bin;C:\Users\Lauren\bin;C:\Python27;C:\Python27\Scripts;C:\Program Files (x86)\NVIDIA Corporation\PhysX\Common;C:\ProgramData\Oracle\Java\javapath;C:\WINDOWS\system32;C:\WINDOWS;C:\WINDOWS\System32\Wbem;C:\WINDOWS\System32\WindowsPowerShell\v1.0;C:\WINDOWS\System32\OpenSSH;C:\Program Files\Git\cmd;C:\Program Files\nodejs;C:\ProgramData\chocolatey\bin;C:\Users\Lauren\AppData\Local\Programs\Python\Python37-32\Scripts;C:\Users\Lauren\AppData\Local\Programs\Python\Python37-32;C:\Users\Lauren\AppData\Local\Microsoft\WindowsApps;C:\Users\Lauren\AppData\Local\atom\bin;C:\Users\Lauren\AppData\Local\Programs\Microsoft VS Code\bin;C:\Users\Lauren\AppData\Local\Microsoft\WindowsApps;C:\Users\Lauren\AppData\Roaming\npm;C:\Program Files\Git\usr\bin\vendor_perl;C:\Program Files\Git\usr\bin\core_perl
npm verb lifecycle laptop-customizer@0.1.0~start: CWD: C:\Users\Lauren\OneDrive\Documents\Thinkfulprojects\laptop_customizer
npm info lifecycle laptop-customizer@0.1.0~start: Failed to exec start script
npm verb stack Error: laptop-customizer@0.1.0 start: `react-scripts start`
npm verb stack Exit status 1
npm verb stack     at EventEmitter.<anonymous> (C:\Program Files\nodejs\node_modules\npm\node_modules\npm-lifecycle\index.js:332:16)
npm verb stack     at EventEmitter.emit (events.js:210:5)
npm verb stack     at ChildProcess.<anonymous> (C:\Program Files\nodejs\node_modules\npm\node_modules\npm-lifecycle\lib\spawn.js:55:14)
npm verb stack     at ChildProcess.emit (events.js:210:5)
npm verb stack     at maybeClose (internal/child_process.js:1021:16)
npm verb stack     at Process.ChildProcess._handle.onexit (internal/child_process.js:283:5)
npm verb pkgid laptop-customizer@0.1.0
npm verb cwd C:\Users\Lauren\OneDrive\Documents\Thinkfulprojects\laptop_customizer
npm verb Windows_NT 10.0.18362
npm verb argv "C:\\Program Files\\nodejs\\node.exe" "C:\\Program Files\\nodejs\\node_modules\\npm\\bin\\npm-cli.js" "start" "--verbose"
npm verb node v12.13.1
npm verb npm  v6.12.1
npm ERR! code ELIFECYCLE
npm ERR! errno 1
npm ERR! laptop-customizer@0.1.0 start: `react-scripts start`
npm ERR! Exit status 1
npm ERR!
npm ERR! Failed at the laptop-customizer@0.1.0 start script.
npm ERR! This is probably not a problem with npm. There is likely additional logging output above.
npm verb exit [ 1, true ]
npm timing npm Completed in 2031ms

npm ERR! A complete log of this run can be found in:
npm ERR!     C:\Users\Lauren\AppData\Roaming\npm-cache\_logs\2020-01-12T17_29_09_892Z-debug.log

